<?xml version="1.0" encoding="UTF-8"?>
<TestRun id="2672e020-5722-44ba-92d6-9557bd7d6ebe" name="so@WKSTATION 2011-03-14 01:19:03" runUser="wkstation\so" xmlns="http://microsoft.com/schemas/VisualStudio/TeamTest/2010">
  <TestSettings name="Local" id="c2210462-1db2-45f6-a804-84f20b4f0f7e">
    <Description>These are default test settings for a local test run.</Description>
    <Deployment enabled="false" runDeploymentRoot="so_WKSTATION 2011-03-14 01_19_03">
      <DeploymentItem filename="C:\src\VisualRisk\NPVCalculator\Solution\3p\Microsoft.Practices.Unity.dll" />
      <DeploymentItem filename="C:\src\VisualRisk\NPVCalculator\Solution\NPVCalculator.Services\bin\NPVCalculator.Services.dll" />
    </Deployment>
    <Execution>
      <TestTypeSpecific />
      <AgentRule name="Execution Agents">
      </AgentRule>
    </Execution>
  </TestSettings>
  <Times creation="2011-03-14T01:19:03.1651466+10:00" queuing="2011-03-14T01:19:03.2091491+10:00" start="2011-03-14T01:19:03.2211498+10:00" finish="2011-03-14T01:19:03.6931768+10:00" />
  <ResultSummary outcome="Completed">
    <Counters total="1" executed="1" passed="1" error="0" failed="0" timeout="0" aborted="0" inconclusive="0" passedButRunAborted="0" notRunnable="0" notExecuted="0" disconnected="0" warning="0" completed="0" inProgress="0" pending="0" />
  </ResultSummary>
  <TestDefinitions>
    <UnitTest name="TestCalculateCashflowSeriesNPVSumsValues" storage="c:\src\visualrisk\npvcalculator\solution\npvcalculatorservicetests\bin\debug\npvcalculatorservicetests.dll" id="b6f802c6-a418-4c76-2621-e5f694d89dbf">
      <Execution id="f0dd5c22-2f73-4c2a-82b5-2ab703188c16" />
      <TestMethod codeBase="C:/src/VisualRisk/NPVCalculator/Solution/NPVCalculatorServiceTests/bin/Debug/NPVCalculatorServiceTests.DLL" adapterTypeName="Microsoft.VisualStudio.TestTools.TestTypes.Unit.UnitTestAdapter, Microsoft.VisualStudio.QualityTools.Tips.UnitTest.Adapter, Version=10.0.0.0, Culture=neutral, PublicKeyToken=b03f5f7f11d50a3a" className="NPVCalculatorServiceTests.CalculationServiceTests, NPVCalculatorServiceTests, Version=1.0.0.0, Culture=neutral, PublicKeyToken=null" name="TestCalculateCashflowSeriesNPVSumsValues" />
    </UnitTest>
  </TestDefinitions>
  <TestLists>
    <TestList name="Results Not in a List" id="8c84fa94-04c1-424b-9868-57a2d4851a1d" />
    <TestList name="All Loaded Results" id="19431567-8539-422a-85d7-44ee4e166bda" />
  </TestLists>
  <TestEntries>
    <TestEntry testId="b6f802c6-a418-4c76-2621-e5f694d89dbf" executionId="f0dd5c22-2f73-4c2a-82b5-2ab703188c16" testListId="8c84fa94-04c1-424b-9868-57a2d4851a1d" />
  </TestEntries>
  <Results>
    <UnitTestResult executionId="f0dd5c22-2f73-4c2a-82b5-2ab703188c16" testId="b6f802c6-a418-4c76-2621-e5f694d89dbf" testName="TestCalculateCashflowSeriesNPVSumsValues" computerName="WKSTATION" duration="00:00:00.0630132" startTime="2011-03-14T01:19:03.2261500+10:00" endTime="2011-03-14T01:19:03.6581748+10:00" testType="13cdc9d9-ddb5-4fa4-a97d-d965ccfc6d4b" outcome="Passed" testListId="8c84fa94-04c1-424b-9868-57a2d4851a1d" relativeResultsDirectory="f0dd5c22-2f73-4c2a-82b5-2ab703188c16">
    </UnitTestResult>
  </Results>
</TestRun>